<?xml version="1.0" encoding="UTF-8"?>
<!-- Generated by org.testng.reporters.JUnitReportReporter -->
<testsuite skipped="0" hostname="Prasad" name="com.test1.tests.Test2" tests="1" failures="0" timestamp="17 Apr 2018 02:35:57 GMT" time="0.002" errors="0">
  <testcase name="f" time="0.002" classname="com.test1.tests.Test2"/>
</testsuite> <!-- com.test1.tests.Test2 -->
