<?xml version="1.0" encoding="UTF-8"?>
<!-- Generated by org.testng.reporters.JUnitReportReporter -->
<testsuite skipped="0" hostname="Prasad" name="com.test1.tests.MyAccountPageTests" tests="1" failures="0" timestamp="17 Apr 2018 02:35:57 GMT" time="13.799" errors="0">
  <testcase name="f" time="13.799" classname="com.test1.tests.MyAccountPageTests"/>
</testsuite> <!-- com.test1.tests.MyAccountPageTests -->
